0 info it worked if it ends with ok
1 verbose cli [ '/usr/bin/nodejs', '/usr/bin/npm', 'publish', './' ]
2 info using npm@3.3.12
3 info using node@v5.2.0
4 verbose publish [ './' ]
5 silly cache add args [ './', null ]
6 verbose cache add spec ./
7 silly cache add parsed spec Result {
7 silly cache add   raw: './',
7 silly cache add   scope: null,
7 silly cache add   name: null,
7 silly cache add   rawSpec: './',
7 silly cache add   spec: '/home/bornevia/graphjs',
7 silly cache add   type: 'directory' }
8 verbose addLocalDirectory /home/bornevia/.npm/graphjs/1.0.0/package.tgz not in flight; packing
9 info lifecycle graphjs@1.0.0~prepublish: graphjs@1.0.0
10 silly lifecycle graphjs@1.0.0~prepublish: no script for prepublish, continuing
11 verbose tar pack [ '/home/bornevia/.npm/graphjs/1.0.0/package.tgz',
11 verbose tar pack   '/home/bornevia/graphjs' ]
12 verbose tarball /home/bornevia/.npm/graphjs/1.0.0/package.tgz
13 verbose folder /home/bornevia/graphjs
14 verbose addLocalTarball adding from inside cache /home/bornevia/.npm/graphjs/1.0.0/package.tgz
15 silly cache afterAdd graphjs@1.0.0
16 verbose afterAdd /home/bornevia/.npm/graphjs/1.0.0/package/package.json not in flight; writing
17 verbose afterAdd /home/bornevia/.npm/graphjs/1.0.0/package/package.json written
18 silly publish { name: 'graphjs',
18 silly publish   version: '1.0.0',
18 silly publish   main: 'graph.js',
18 silly publish   scripts: { test: 'echo "Error: no test specified" && exit 1' },
18 silly publish   author:
18 silly publish    { name: 'Jonathan Natanael Siahaan',
18 silly publish      email: 'jonathannael12@gmail.com' },
18 silly publish   license: 'ISC',
18 silly publish   dependencies: { pakmanager: '^0.12.1' },
18 silly publish   devDependencies: {},
18 silly publish   description: 'Node js library for graph',
18 silly publish   keywords: [ 'graph' ],
18 silly publish   readme: 'ERROR: No README data found!',
18 silly publish   _id: 'graphjs@1.0.0',
18 silly publish   _shasum: 'bfc6b3ebf0c738fa186c3a1f9dfd667865637459',
18 silly publish   _from: '.' }
19 verbose getPublishConfig undefined
20 silly mapToRegistry name graphjs
21 silly mapToRegistry using default registry
22 silly mapToRegistry registry https://registry.npmjs.org/
23 silly mapToRegistry uri https://registry.npmjs.org/graphjs
24 verbose publish registryBase https://registry.npmjs.org/
25 silly publish uploading /home/bornevia/.npm/graphjs/1.0.0/package.tgz
26 verbose request uri https://registry.npmjs.org/graphjs
27 verbose request sending authorization for write operation
28 info attempt registry request try #1 at 1:35:44 PM
29 verbose request using bearer token for auth
30 verbose request id ef10416dcbe14d21
31 http request PUT https://registry.npmjs.org/graphjs
32 http 403 https://registry.npmjs.org/graphjs
33 verbose headers { 'content-type': 'application/json',
33 verbose headers   'cache-control': 'max-age=300',
33 verbose headers   'content-length': '101',
33 verbose headers   'accept-ranges': 'bytes',
33 verbose headers   date: 'Sun, 26 Feb 2017 13:35:46 GMT',
33 verbose headers   via: '1.1 varnish',
33 verbose headers   connection: 'keep-alive',
33 verbose headers   'x-served-by': 'cache-sin6927-SIN',
33 verbose headers   'x-cache': 'MISS',
33 verbose headers   'x-cache-hits': '0',
33 verbose headers   'x-timer': 'S1488116145.044867,VS0,VE1013',
33 verbose headers   vary: 'Accept-Encoding' }
34 verbose request invalidating /home/bornevia/.npm/registry.npmjs.org/graphjs on PUT
35 error publish Failed PUT 403
36 verbose stack Error: you do not have permission to publish "graphjs". Are you logged in as the correct user? : graphjs
36 verbose stack     at makeError (/usr/lib/node_modules/npm/node_modules/npm-registry-client/lib/request.js:264:12)
36 verbose stack     at CachingRegistryClient.<anonymous> (/usr/lib/node_modules/npm/node_modules/npm-registry-client/lib/request.js:252:14)
36 verbose stack     at Request._callback (/usr/lib/node_modules/npm/node_modules/npm-registry-client/lib/request.js:172:14)
36 verbose stack     at Request.self.callback (/usr/lib/node_modules/npm/node_modules/request/request.js:198:22)
36 verbose stack     at emitTwo (events.js:88:13)
36 verbose stack     at Request.emit (events.js:173:7)
36 verbose stack     at Request.<anonymous> (/usr/lib/node_modules/npm/node_modules/request/request.js:1082:10)
36 verbose stack     at emitOne (events.js:83:20)
36 verbose stack     at Request.emit (events.js:170:7)
36 verbose stack     at IncomingMessage.<anonymous> (/usr/lib/node_modules/npm/node_modules/request/request.js:1009:12)
37 verbose statusCode 403
38 verbose pkgid graphjs
39 verbose cwd /home/bornevia/graphjs
40 error Linux 3.13.0-62-generic
41 error argv "/usr/bin/nodejs" "/usr/bin/npm" "publish" "./"
42 error node v5.2.0
43 error npm  v3.3.12
44 error code E403
45 error you do not have permission to publish "graphjs". Are you logged in as the correct user? : graphjs
46 error If you need help, you may report this error at:
46 error     <https://github.com/npm/npm/issues>
47 verbose exit [ 1, true ]
